<?xml version="1.0" encoding="UTF-8"?>
<!-- Generated by org.testng.reporters.JUnitReportReporter -->
<testsuite skipped="0" hostname="Niko" name="amazon.AmazonTest" tests="1" failures="0" timestamp="2021-06-03T19:39:33 CDT" time="5.130" errors="0">
  <testcase name="DemoEebsiteToPractice" time="5.130" classname="amazon.AmazonTest"/>
  <system-out/>
</testsuite> <!-- amazon.AmazonTest -->
