<?xml version="1.0" encoding="UTF-8"?>
<!-- Generated by org.testng.reporters.JUnitReportReporter -->
<testsuite hostname="Niko" name="amazon.AmazonTest" tests="1" failures="0" timestamp="4 Jun 2021 01:08:30 GMT" time="7.763" errors="0">
  <testcase name="DemoEquifaxAmazon" time="7.763" classname="amazon.AmazonTest"/>
</testsuite> <!-- amazon.AmazonTest -->
